This file contains any messages produced by compilers while
running configure, to aid debugging if configure makes a mistake.

It was created by libertyParser configure 1.0, which was
generated by GNU Autoconf 2.59.  Invocation command line was

  $ ./configure 

## --------- ##
## Platform. ##
## --------- ##

hostname = vm
uname -m = x86_64
uname -r = 4.4.0-66-generic
uname -s = Linux
uname -v = #87~14.04.1-Ubuntu SMP Fri Mar 3 17:32:36 UTC 2017

/usr/bin/uname -p = unknown
/bin/uname -X     = unknown

/bin/arch              = unknown
/usr/bin/arch -k       = unknown
/usr/convex/getsysinfo = unknown
hostinfo               = unknown
/bin/machine           = unknown
/usr/bin/oslevel       = unknown
/bin/universe          = unknown

PATH: /usr/local/sbin
PATH: /usr/local/bin
PATH: /usr/sbin
PATH: /usr/bin
PATH: /sbin
PATH: /bin
PATH: /usr/games
PATH: /usr/local/games


## ----------- ##
## Core tests. ##
## ----------- ##

configure:1554: checking for a BSD-compatible install
configure:1609: result: /usr/bin/install -c
configure:1620: checking whether build environment is sane
configure:1663: result: yes
configure:1728: checking for gawk
configure:1744: found /usr/bin/gawk
configure:1754: result: gawk
configure:1764: checking whether make sets $(MAKE)
configure:1784: result: yes
configure:2009: checking for g++
configure:2025: found /usr/bin/g++
configure:2035: result: g++
configure:2051: checking for C++ compiler version
configure:2054: g++ --version </dev/null >&5
g++ (Ubuntu 4.9.4-2ubuntu1~14.04.1) 4.9.4
Copyright (C) 2015 Free Software Foundation, Inc.
This is free software; see the source for copying conditions.  There is NO
warranty; not even for MERCHANTABILITY or FITNESS FOR A PARTICULAR PURPOSE.

configure:2057: $? = 0
configure:2059: g++ -v </dev/null >&5
Using built-in specs.
COLLECT_GCC=g++
COLLECT_LTO_WRAPPER=/usr/lib/gcc/x86_64-linux-gnu/4.9/lto-wrapper
Target: x86_64-linux-gnu
Configured with: ../src/configure -v --with-pkgversion='Ubuntu 4.9.4-2ubuntu1~14.04.1' --with-bugurl=file:///usr/share/doc/gcc-4.9/README.Bugs --enable-languages=c,c++,java,go,d,fortran,objc,obj-c++ --prefix=/usr --program-suffix=-4.9 --enable-shared --enable-linker-build-id --libexecdir=/usr/lib --without-included-gettext --enable-threads=posix --with-gxx-include-dir=/usr/include/c++/4.9 --libdir=/usr/lib --enable-nls --with-sysroot=/ --enable-clocale=gnu --enable-libstdcxx-debug --enable-libstdcxx-time=yes --enable-gnu-unique-object --disable-vtable-verify --enable-plugin --with-system-zlib --disable-browser-plugin --enable-java-awt=gtk --enable-gtk-cairo --with-java-home=/usr/lib/jvm/java-1.5.0-gcj-4.9-amd64/jre --enable-java-home --with-jvm-root-dir=/usr/lib/jvm/java-1.5.0-gcj-4.9-amd64 --with-jvm-jar-dir=/usr/lib/jvm-exports/java-1.5.0-gcj-4.9-amd64 --with-arch-directory=amd64 --with-ecj-jar=/usr/share/java/eclipse-ecj.jar --enable-objc-gc --enable-multiarch --disable-werror --with-arch-32=i686 --with-abi=m64 --with-multilib-list=m32,m64,mx32 --enable-multilib --with-tune=generic --enable-checking=release --build=x86_64-linux-gnu --host=x86_64-linux-gnu --target=x86_64-linux-gnu
Thread model: posix
gcc version 4.9.4 (Ubuntu 4.9.4-2ubuntu1~14.04.1) 
configure:2062: $? = 0
configure:2064: g++ -V </dev/null >&5
g++: error: unrecognized command line option '-V'
g++: fatal error: no input files
compilation terminated.
configure:2067: $? = 4
configure:2090: checking for C++ compiler default output file name
configure:2093: g++    conftest.cc  >&5
configure:2096: $? = 0
configure:2142: result: a.out
configure:2147: checking whether the C++ compiler works
configure:2153: ./a.out
configure:2156: $? = 0
configure:2173: result: yes
configure:2180: checking whether we are cross compiling
configure:2182: result: no
configure:2185: checking for suffix of executables
configure:2187: g++ -o conftest    conftest.cc  >&5
configure:2190: $? = 0
configure:2215: result: 
configure:2221: checking for suffix of object files
configure:2242: g++ -c   conftest.cc >&5
configure:2245: $? = 0
configure:2267: result: o
configure:2271: checking whether we are using the GNU C++ compiler
configure:2295: g++ -c   conftest.cc >&5
configure:2301: $? = 0
configure:2305: test -z 
			 || test ! -s conftest.err
configure:2308: $? = 0
configure:2311: test -s conftest.o
configure:2314: $? = 0
configure:2327: result: yes
configure:2333: checking whether g++ accepts -g
configure:2354: g++ -c -g  conftest.cc >&5
configure:2360: $? = 0
configure:2364: test -z 
			 || test ! -s conftest.err
configure:2367: $? = 0
configure:2370: test -s conftest.o
configure:2373: $? = 0
configure:2384: result: yes
configure:2426: g++ -c -g -O2  conftest.cc >&5
configure:2432: $? = 0
configure:2436: test -z 
			 || test ! -s conftest.err
configure:2439: $? = 0
configure:2442: test -s conftest.o
configure:2445: $? = 0
configure:2471: g++ -c -g -O2  conftest.cc >&5
conftest.cc: In function 'int main()':
conftest.cc:15:9: error: 'exit' was not declared in this scope
 exit (42);
         ^
configure:2477: $? = 1
configure: failed program was:
| /* confdefs.h.  */
| 
| #define PACKAGE_NAME "libertyParser"
| #define PACKAGE_TARNAME "libertyparser"
| #define PACKAGE_VERSION "1.0"
| #define PACKAGE_STRING "libertyParser 1.0"
| #define PACKAGE_BUGREPORT "sharma@ucsd.edu"
| #define PACKAGE "libertyparser"
| #define VERSION "1.0"
| /* end confdefs.h.  */
| 
| int
| main ()
| {
| exit (42);
|   ;
|   return 0;
| }
configure:2426: g++ -c -g -O2  conftest.cc >&5
conftest.cc:11:40: error: 'void std::exit(int)' should have been declared inside 'std'
 extern "C" void std::exit (int) throw (); using std::exit;
                                        ^
configure:2432: $? = 1
configure: failed program was:
| /* confdefs.h.  */
| 
| #define PACKAGE_NAME "libertyParser"
| #define PACKAGE_TARNAME "libertyparser"
| #define PACKAGE_VERSION "1.0"
| #define PACKAGE_STRING "libertyParser 1.0"
| #define PACKAGE_BUGREPORT "sharma@ucsd.edu"
| #define PACKAGE "libertyparser"
| #define VERSION "1.0"
| /* end confdefs.h.  */
| extern "C" void std::exit (int) throw (); using std::exit;
| #include <stdlib.h>
| int
| main ()
| {
| exit (42);
|   ;
|   return 0;
| }
configure:2426: g++ -c -g -O2  conftest.cc >&5
conftest.cc:11:31: error: 'void std::exit(int)' should have been declared inside 'std'
 extern "C" void std::exit (int); using std::exit;
                               ^
In file included from conftest.cc:12:0:
/usr/include/stdlib.h:543:70: error: declaration of 'void std::exit(int) throw ()' has a different exception specifier
 extern void exit (int __status) __THROW __attribute__ ((__noreturn__));
                                                                      ^
conftest.cc:11:17: error: from previous declaration 'void std::exit(int)'
 extern "C" void std::exit (int); using std::exit;
                 ^
configure:2432: $? = 1
configure: failed program was:
| /* confdefs.h.  */
| 
| #define PACKAGE_NAME "libertyParser"
| #define PACKAGE_TARNAME "libertyparser"
| #define PACKAGE_VERSION "1.0"
| #define PACKAGE_STRING "libertyParser 1.0"
| #define PACKAGE_BUGREPORT "sharma@ucsd.edu"
| #define PACKAGE "libertyparser"
| #define VERSION "1.0"
| /* end confdefs.h.  */
| extern "C" void std::exit (int); using std::exit;
| #include <stdlib.h>
| int
| main ()
| {
| exit (42);
|   ;
|   return 0;
| }
configure:2426: g++ -c -g -O2  conftest.cc >&5
configure:2432: $? = 0
configure:2436: test -z 
			 || test ! -s conftest.err
configure:2439: $? = 0
configure:2442: test -s conftest.o
configure:2445: $? = 0
configure:2471: g++ -c -g -O2  conftest.cc >&5
configure:2477: $? = 0
configure:2481: test -z 
			 || test ! -s conftest.err
configure:2484: $? = 0
configure:2487: test -s conftest.o
configure:2490: $? = 0
configure:2524: checking for style of include used by make
configure:2552: result: GNU
configure:2580: checking dependency style of g++
configure:2670: result: gcc3
configure:2733: checking for gcc
configure:2749: found /usr/bin/gcc
configure:2759: result: gcc
configure:3003: checking for C compiler version
configure:3006: gcc --version </dev/null >&5
gcc (Ubuntu 4.8.5-2ubuntu1~14.04.1) 4.8.5
Copyright (C) 2015 Free Software Foundation, Inc.
This is free software; see the source for copying conditions.  There is NO
warranty; not even for MERCHANTABILITY or FITNESS FOR A PARTICULAR PURPOSE.

configure:3009: $? = 0
configure:3011: gcc -v </dev/null >&5
Using built-in specs.
COLLECT_GCC=gcc
COLLECT_LTO_WRAPPER=/usr/lib/gcc/x86_64-linux-gnu/4.8/lto-wrapper
Target: x86_64-linux-gnu
Configured with: ../src/configure -v --with-pkgversion='Ubuntu 4.8.5-2ubuntu1~14.04.1' --with-bugurl=file:///usr/share/doc/gcc-4.8/README.Bugs --enable-languages=c,c++,java,go,d,fortran,objc,obj-c++ --prefix=/usr --program-suffix=-4.8 --enable-shared --enable-linker-build-id --libexecdir=/usr/lib --without-included-gettext --enable-threads=posix --with-gxx-include-dir=/usr/include/c++/4.8 --libdir=/usr/lib --enable-nls --with-sysroot=/ --enable-clocale=gnu --enable-libstdcxx-debug --enable-libstdcxx-time=yes --enable-gnu-unique-object --disable-libmudflap --enable-plugin --with-system-zlib --disable-browser-plugin --enable-java-awt=gtk --enable-gtk-cairo --with-java-home=/usr/lib/jvm/java-1.5.0-gcj-4.8-amd64/jre --enable-java-home --with-jvm-root-dir=/usr/lib/jvm/java-1.5.0-gcj-4.8-amd64 --with-jvm-jar-dir=/usr/lib/jvm-exports/java-1.5.0-gcj-4.8-amd64 --with-arch-directory=amd64 --with-ecj-jar=/usr/share/java/eclipse-ecj.jar --enable-objc-gc --enable-multiarch --disable-werror --with-arch-32=i686 --with-abi=m64 --with-multilib-list=m32,m64,mx32 --with-tune=generic --enable-checking=release --build=x86_64-linux-gnu --host=x86_64-linux-gnu --target=x86_64-linux-gnu
Thread model: posix
gcc version 4.8.5 (Ubuntu 4.8.5-2ubuntu1~14.04.1) 
configure:3014: $? = 0
configure:3016: gcc -V </dev/null >&5
gcc: error: unrecognized command line option '-V'
gcc: fatal error: no input files
compilation terminated.
configure:3019: $? = 4
configure:3022: checking whether we are using the GNU C compiler
configure:3046: gcc -c   conftest.c >&5
configure:3052: $? = 0
configure:3056: test -z 
			 || test ! -s conftest.err
configure:3059: $? = 0
configure:3062: test -s conftest.o
configure:3065: $? = 0
configure:3078: result: yes
configure:3084: checking whether gcc accepts -g
configure:3105: gcc -c -g  conftest.c >&5
configure:3111: $? = 0
configure:3115: test -z 
			 || test ! -s conftest.err
configure:3118: $? = 0
configure:3121: test -s conftest.o
configure:3124: $? = 0
configure:3135: result: yes
configure:3152: checking for gcc option to accept ANSI C
configure:3222: gcc  -c -g -O2  conftest.c >&5
configure:3228: $? = 0
configure:3232: test -z 
			 || test ! -s conftest.err
configure:3235: $? = 0
configure:3238: test -s conftest.o
configure:3241: $? = 0
configure:3259: result: none needed
configure:3277: gcc -c -g -O2  conftest.c >&5
conftest.c:2:3: error: unknown type name 'choke'
   choke me
   ^
conftest.c:2:3: error: expected '=', ',', ';', 'asm' or '__attribute__' at end of input
configure:3283: $? = 1
configure: failed program was:
| #ifndef __cplusplus
|   choke me
| #endif
configure:3418: checking dependency style of gcc
configure:3508: result: gcc3
configure:3530: checking for flex
configure:3546: found /usr/bin/flex
configure:3556: result: flex
configure:3569: checking for yywrap in -lfl
configure:3599: gcc -o conftest -g -O2   conftest.c -lfl   >&5
configure:3605: $? = 0
configure:3609: test -z 
			 || test ! -s conftest.err
configure:3612: $? = 0
configure:3615: test -s conftest
configure:3618: $? = 0
configure:3631: result: yes
configure:3709: checking lex output file root
configure:3720: flex conftest.l
configure:3723: $? = 0
configure:3735: result: lex.yy
configure:3740: checking whether yytext is a pointer
configure:3756: gcc -o conftest -g -O2   conftest.c  -lfl >&5
configure:3762: $? = 0
configure:3766: test -z 
			 || test ! -s conftest.err
configure:3769: $? = 0
configure:3772: test -s conftest
configure:3775: $? = 0
configure:3789: result: yes
configure:3804: checking for bison
configure:3833: result: no
configure:3804: checking for byacc
configure:3820: found /usr/bin/byacc
configure:3830: result: byacc
configure:4202: checking build system type
configure:4220: result: x86_64-unknown-linux-gnu
configure:4228: checking host system type
configure:4242: result: x86_64-unknown-linux-gnu
configure:4250: checking for a sed that does not truncate output
configure:4304: result: /bin/sed
configure:4307: checking for egrep
configure:4317: result: grep -E
configure:4333: checking for ld used by gcc
configure:4400: result: /usr/bin/ld
configure:4409: checking if the linker (/usr/bin/ld) is GNU ld
configure:4424: result: yes
configure:4429: checking for /usr/bin/ld option to reload object files
configure:4436: result: -r
configure:4445: checking for BSD-compatible nm
configure:4487: result: /usr/bin/nm -B
configure:4491: checking whether ln -s works
configure:4495: result: yes
configure:4502: checking how to recognise dependent libraries
configure:4685: result: pass_all
configure:4769: gcc -c -g -O2  conftest.c >&5
configure:4772: $? = 0
configure:4898: checking how to run the C preprocessor
configure:4933: gcc -E  conftest.c
configure:4939: $? = 0
configure:4971: gcc -E  conftest.c
conftest.c:15:28: fatal error: ac_nonexistent.h: No such file or directory
 #include <ac_nonexistent.h>
                            ^
compilation terminated.
configure:4977: $? = 1
configure: failed program was:
| /* confdefs.h.  */
| 
| #define PACKAGE_NAME "libertyParser"
| #define PACKAGE_TARNAME "libertyparser"
| #define PACKAGE_VERSION "1.0"
| #define PACKAGE_STRING "libertyParser 1.0"
| #define PACKAGE_BUGREPORT "sharma@ucsd.edu"
| #define PACKAGE "libertyparser"
| #define VERSION "1.0"
| #ifdef __cplusplus
| extern "C" void exit (int) throw ();
| #endif
| #define YYTEXT_POINTER 1
| /* end confdefs.h.  */
| #include <ac_nonexistent.h>
configure:5016: result: gcc -E
configure:5040: gcc -E  conftest.c
configure:5046: $? = 0
configure:5078: gcc -E  conftest.c
conftest.c:15:28: fatal error: ac_nonexistent.h: No such file or directory
 #include <ac_nonexistent.h>
                            ^
compilation terminated.
configure:5084: $? = 1
configure: failed program was:
| /* confdefs.h.  */
| 
| #define PACKAGE_NAME "libertyParser"
| #define PACKAGE_TARNAME "libertyparser"
| #define PACKAGE_VERSION "1.0"
| #define PACKAGE_STRING "libertyParser 1.0"
| #define PACKAGE_BUGREPORT "sharma@ucsd.edu"
| #define PACKAGE "libertyparser"
| #define VERSION "1.0"
| #ifdef __cplusplus
| extern "C" void exit (int) throw ();
| #endif
| #define YYTEXT_POINTER 1
| /* end confdefs.h.  */
| #include <ac_nonexistent.h>
configure:5128: checking for ANSI C header files
configure:5153: gcc -c -g -O2  conftest.c >&5
configure:5159: $? = 0
configure:5163: test -z 
			 || test ! -s conftest.err
configure:5166: $? = 0
configure:5169: test -s conftest.o
configure:5172: $? = 0
configure:5261: gcc -o conftest -g -O2   conftest.c  >&5
conftest.c: In function 'main':
conftest.c:32:7: warning: incompatible implicit declaration of built-in function 'exit' [enabled by default]
       exit(2);
       ^
configure:5264: $? = 0
configure:5266: ./conftest
configure:5269: $? = 0
configure:5284: result: yes
configure:5308: checking for sys/types.h
configure:5324: gcc -c -g -O2  conftest.c >&5
configure:5330: $? = 0
configure:5334: test -z 
			 || test ! -s conftest.err
configure:5337: $? = 0
configure:5340: test -s conftest.o
configure:5343: $? = 0
configure:5354: result: yes
configure:5308: checking for sys/stat.h
configure:5324: gcc -c -g -O2  conftest.c >&5
configure:5330: $? = 0
configure:5334: test -z 
			 || test ! -s conftest.err
configure:5337: $? = 0
configure:5340: test -s conftest.o
configure:5343: $? = 0
configure:5354: result: yes
configure:5308: checking for stdlib.h
configure:5324: gcc -c -g -O2  conftest.c >&5
configure:5330: $? = 0
configure:5334: test -z 
			 || test ! -s conftest.err
configure:5337: $? = 0
configure:5340: test -s conftest.o
configure:5343: $? = 0
configure:5354: result: yes
configure:5308: checking for string.h
configure:5324: gcc -c -g -O2  conftest.c >&5
configure:5330: $? = 0
configure:5334: test -z 
			 || test ! -s conftest.err
configure:5337: $? = 0
configure:5340: test -s conftest.o
configure:5343: $? = 0
configure:5354: result: yes
configure:5308: checking for memory.h
configure:5324: gcc -c -g -O2  conftest.c >&5
configure:5330: $? = 0
configure:5334: test -z 
			 || test ! -s conftest.err
configure:5337: $? = 0
configure:5340: test -s conftest.o
configure:5343: $? = 0
configure:5354: result: yes
configure:5308: checking for strings.h
configure:5324: gcc -c -g -O2  conftest.c >&5
configure:5330: $? = 0
configure:5334: test -z 
			 || test ! -s conftest.err
configure:5337: $? = 0
configure:5340: test -s conftest.o
configure:5343: $? = 0
configure:5354: result: yes
configure:5308: checking for inttypes.h
configure:5324: gcc -c -g -O2  conftest.c >&5
configure:5330: $? = 0
configure:5334: test -z 
			 || test ! -s conftest.err
configure:5337: $? = 0
configure:5340: test -s conftest.o
configure:5343: $? = 0
configure:5354: result: yes
configure:5308: checking for stdint.h
configure:5324: gcc -c -g -O2  conftest.c >&5
configure:5330: $? = 0
configure:5334: test -z 
			 || test ! -s conftest.err
configure:5337: $? = 0
configure:5340: test -s conftest.o
configure:5343: $? = 0
configure:5354: result: yes
configure:5308: checking for unistd.h
configure:5324: gcc -c -g -O2  conftest.c >&5
configure:5330: $? = 0
configure:5334: test -z 
			 || test ! -s conftest.err
configure:5337: $? = 0
configure:5340: test -s conftest.o
configure:5343: $? = 0
configure:5354: result: yes
configure:5380: checking dlfcn.h usability
configure:5392: gcc -c -g -O2  conftest.c >&5
configure:5398: $? = 0
configure:5402: test -z 
			 || test ! -s conftest.err
configure:5405: $? = 0
configure:5408: test -s conftest.o
configure:5411: $? = 0
configure:5421: result: yes
configure:5425: checking dlfcn.h presence
configure:5435: gcc -E  conftest.c
configure:5441: $? = 0
configure:5461: result: yes
configure:5496: checking for dlfcn.h
configure:5503: result: yes
configure:5521: checking how to run the C++ preprocessor
configure:5552: g++ -E  conftest.cc
configure:5558: $? = 0
configure:5590: g++ -E  conftest.cc
conftest.cc:26:28: fatal error: ac_nonexistent.h: No such file or directory
 #include <ac_nonexistent.h>
                            ^
compilation terminated.
configure:5596: $? = 1
configure: failed program was:
| /* confdefs.h.  */
| 
| #define PACKAGE_NAME "libertyParser"
| #define PACKAGE_TARNAME "libertyparser"
| #define PACKAGE_VERSION "1.0"
| #define PACKAGE_STRING "libertyParser 1.0"
| #define PACKAGE_BUGREPORT "sharma@ucsd.edu"
| #define PACKAGE "libertyparser"
| #define VERSION "1.0"
| #ifdef __cplusplus
| extern "C" void exit (int) throw ();
| #endif
| #define YYTEXT_POINTER 1
| #define STDC_HEADERS 1
| #define HAVE_SYS_TYPES_H 1
| #define HAVE_SYS_STAT_H 1
| #define HAVE_STDLIB_H 1
| #define HAVE_STRING_H 1
| #define HAVE_MEMORY_H 1
| #define HAVE_STRINGS_H 1
| #define HAVE_INTTYPES_H 1
| #define HAVE_STDINT_H 1
| #define HAVE_UNISTD_H 1
| #define HAVE_DLFCN_H 1
| /* end confdefs.h.  */
| #include <ac_nonexistent.h>
configure:5635: result: g++ -E
configure:5659: g++ -E  conftest.cc
configure:5665: $? = 0
configure:5697: g++ -E  conftest.cc
conftest.cc:26:28: fatal error: ac_nonexistent.h: No such file or directory
 #include <ac_nonexistent.h>
                            ^
compilation terminated.
configure:5703: $? = 1
configure: failed program was:
| /* confdefs.h.  */
| 
| #define PACKAGE_NAME "libertyParser"
| #define PACKAGE_TARNAME "libertyparser"
| #define PACKAGE_VERSION "1.0"
| #define PACKAGE_STRING "libertyParser 1.0"
| #define PACKAGE_BUGREPORT "sharma@ucsd.edu"
| #define PACKAGE "libertyparser"
| #define VERSION "1.0"
| #ifdef __cplusplus
| extern "C" void exit (int) throw ();
| #endif
| #define YYTEXT_POINTER 1
| #define STDC_HEADERS 1
| #define HAVE_SYS_TYPES_H 1
| #define HAVE_SYS_STAT_H 1
| #define HAVE_STDLIB_H 1
| #define HAVE_STRING_H 1
| #define HAVE_MEMORY_H 1
| #define HAVE_STRINGS_H 1
| #define HAVE_INTTYPES_H 1
| #define HAVE_STDINT_H 1
| #define HAVE_UNISTD_H 1
| #define HAVE_DLFCN_H 1
| /* end confdefs.h.  */
| #include <ac_nonexistent.h>
configure:5797: checking for g77
configure:5826: result: no
configure:5797: checking for f77
configure:5826: result: no
configure:5797: checking for xlf
configure:5826: result: no
configure:5797: checking for frt
configure:5826: result: no
configure:5797: checking for pgf77
configure:5826: result: no
configure:5797: checking for fort77
configure:5826: result: no
configure:5797: checking for fl32
configure:5826: result: no
configure:5797: checking for af77
configure:5826: result: no
configure:5797: checking for f90
configure:5826: result: no
configure:5797: checking for xlf90
configure:5826: result: no
configure:5797: checking for pgf90
configure:5826: result: no
configure:5797: checking for epcf90
configure:5826: result: no
configure:5797: checking for f95
configure:5826: result: no
configure:5797: checking for fort
configure:5826: result: no
configure:5797: checking for xlf95
configure:5826: result: no
configure:5797: checking for ifc
configure:5826: result: no
configure:5797: checking for efc
configure:5826: result: no
configure:5797: checking for pgf95
configure:5826: result: no
configure:5797: checking for lf95
configure:5826: result: no
configure:5797: checking for gfortran
configure:5826: result: no
configure:5838: checking for Fortran 77 compiler version
configure:5841:  --version </dev/null >&5
./configure: line 5842: --version: command not found
configure:5844: $? = 127
configure:5846:  -v </dev/null >&5
./configure: line 5847: -v: command not found
configure:5849: $? = 127
configure:5851:  -V </dev/null >&5
./configure: line 5852: -V: command not found
configure:5854: $? = 127
configure:5862: checking whether we are using the GNU Fortran 77 compiler
configure:5876:  -c  conftest.F >&5
./configure: line 5877: -c: command not found
configure:5882: $? = 127
configure: failed program was:
|       program main
| #ifndef __GNUC__
|        choke me
| #endif
| 
|       end
configure:5908: result: no
configure:5914: checking whether  accepts -g
configure:5926:  -c -g conftest.f >&5
./configure: line 5927: -c: command not found
configure:5932: $? = 127
configure: failed program was:
|       program main
| 
|       end
configure:5957: result: no
configure:5987: checking the maximum length of command line arguments
configure:6052: result: 32768
configure:6063: checking command to parse /usr/bin/nm -B output from gcc object
configure:6152: gcc -c -g -O2  conftest.c >&5
configure:6155: $? = 0
configure:6159: /usr/bin/nm -B conftest.o \| sed -n -e 's/^.*[ 	]\([ABCDGIRSTW][ABCDGIRSTW]*\)[ 	][ 	]*\(\)\([_A-Za-z][_A-Za-z0-9]*\)$/\1 \2\3 \3/p' \> conftest.nm
configure:6162: $? = 0
configure:6214: gcc -o conftest -g -O2   conftest.c conftstm.o >&5
configure:6217: $? = 0
configure:6255: result: ok
configure:6259: checking for objdir
configure:6274: result: .libs
configure:6364: checking for ar
configure:6380: found /usr/bin/ar
configure:6391: result: ar
configure:6444: checking for ranlib
configure:6460: found /usr/bin/ranlib
configure:6471: result: ranlib
configure:6524: checking for strip
configure:6540: found /usr/bin/strip
configure:6551: result: strip
configure:6813: checking if gcc static flag  works
configure:6836: result: yes
configure:6854: checking if gcc supports -fno-rtti -fno-exceptions
configure:6872: gcc -c -g -O2  -fno-rtti -fno-exceptions conftest.c >&5
cc1: warning: command line option '-fno-rtti' is valid for C++/ObjC++ but not for C [enabled by default]
configure:6876: $? = 0
configure:6887: result: no
configure:6902: checking for gcc option to produce PIC
configure:7079: result: -fPIC
configure:7087: checking if gcc PIC flag -fPIC works
configure:7105: gcc -c -g -O2  -fPIC -DPIC conftest.c >&5
configure:7109: $? = 0
configure:7120: result: yes
configure:7144: checking if gcc supports -c -o file.o
configure:7165: gcc -c -g -O2  -o out/conftest2.o conftest.c >&5
configure:7169: $? = 0
configure:7189: result: yes
configure:7215: checking whether the gcc linker (/usr/bin/ld -m elf_x86_64) supports shared libraries
configure:8063: result: yes
configure:8089: checking whether -lc should be explicitly linked in
configure:8094: gcc -c -g -O2  conftest.c >&5
configure:8097: $? = 0
configure:8111: gcc -shared conftest.o  -v -Wl,-soname -Wl,conftest -o conftest 2\>\&1 \| grep  -lc  \>/dev/null 2\>\&1
configure:8114: $? = 0
configure:8126: result: no
configure:8134: checking dynamic linker characteristics
configure:8500: gcc -c -g -O2  conftest.c >&5
configure:8503: $? = 0
configure:8695: result: GNU/Linux ld.so
configure:8699: checking how to hardcode library paths into programs
configure:8724: result: immediate
configure:8738: checking whether stripping libraries is possible
configure:8743: result: yes
configure:9573: checking if libtool supports shared libraries
configure:9575: result: yes
configure:9578: checking whether to build shared libraries
configure:9636: result: yes
configure:9639: checking whether to build static libraries
configure:9643: result: yes
configure:9735: creating libtool
configure:10282: checking for ld used by g++
configure:10349: result: /usr/bin/ld -m elf_x86_64
configure:10358: checking if the linker (/usr/bin/ld -m elf_x86_64) is GNU ld
configure:10373: result: yes
configure:10424: checking whether the g++ linker (/usr/bin/ld -m elf_x86_64) supports shared libraries
configure:11252: result: yes
configure:11270: g++ -c -g -O2  conftest.cc >&5
configure:11273: $? = 0
configure:11369: checking for g++ option to produce PIC
configure:11621: result: -fPIC
configure:11629: checking if g++ PIC flag -fPIC works
configure:11647: g++ -c -g -O2  -fPIC -DPIC conftest.cc >&5
configure:11651: $? = 0
configure:11662: result: yes
configure:11686: checking if g++ supports -c -o file.o
configure:11707: g++ -c -g -O2  -o out/conftest2.o conftest.cc >&5
configure:11711: $? = 0
configure:11731: result: yes
configure:11757: checking whether the g++ linker (/usr/bin/ld -m elf_x86_64) supports shared libraries
configure:11782: result: yes
configure:11853: checking dynamic linker characteristics
configure:12219: g++ -c -g -O2  conftest.cc >&5
configure:12222: $? = 0
configure:12414: result: GNU/Linux ld.so
configure:12418: checking how to hardcode library paths into programs
configure:12443: result: immediate
configure:12457: checking whether stripping libraries is possible
configure:12462: result: yes
configure:19743: checking for ANSI C header files
configure:19899: result: yes
configure:19916: checking for stdlib.h
configure:19921: result: yes
configure:19916: checking for string.h
configure:19921: result: yes
configure:19916: checking for unistd.h
configure:19921: result: yes
configure:20063: checking for stdbool.h that conforms to C99
configure:20116: gcc -c -g -O2  conftest.c >&5
conftest.c:56:2: warning: variably modified 'd' at file scope [enabled by default]
  char d[(bool) -0.5 == true ? 1 : -1];
  ^
conftest.c:58:2: warning: variably modified 'f' at file scope [enabled by default]
  char f[(_Bool) -0.0 == false ? 1 : -1];
  ^
configure:20122: $? = 0
configure:20126: test -z 
			 || test ! -s conftest.err
configure:20129: $? = 0
configure:20132: test -s conftest.o
configure:20135: $? = 0
configure:20146: result: yes
configure:20148: checking for _Bool
configure:20172: gcc -c -g -O2  conftest.c >&5
configure:20178: $? = 0
configure:20182: test -z 
			 || test ! -s conftest.err
configure:20185: $? = 0
configure:20188: test -s conftest.o
configure:20191: $? = 0
configure:20202: result: yes
configure:20221: checking for an ANSI C-conforming const
configure:20288: gcc -c -g -O2  conftest.c >&5
configure:20294: $? = 0
configure:20298: test -z 
			 || test ! -s conftest.err
configure:20301: $? = 0
configure:20304: test -s conftest.o
configure:20307: $? = 0
configure:20318: result: yes
configure:20335: checking for stdlib.h
configure:20340: result: yes
configure:20480: checking for GNU libc compatible malloc
configure:20509: gcc -o conftest -g -O2   conftest.c  >&5
configure:20512: $? = 0
configure:20514: ./conftest
configure:20517: $? = 0
configure:20531: result: yes
configure:20566: checking for stdlib.h
configure:20571: result: yes
configure:20711: checking for GNU libc compatible realloc
configure:20740: gcc -o conftest -g -O2   conftest.c  >&5
configure:20743: $? = 0
configure:20745: ./conftest
configure:20748: $? = 0
configure:20762: result: yes
configure:20796: checking for strdup
configure:20853: gcc -o conftest -g -O2   conftest.c  >&5
conftest.c:60:6: warning: conflicting types for built-in function 'strdup' [enabled by default]
 char strdup ();
      ^
configure:20859: $? = 0
configure:20863: test -z 
			 || test ! -s conftest.err
configure:20866: $? = 0
configure:20869: test -s conftest
configure:20872: $? = 0
configure:20884: result: yes
configure:21015: creating ./config.status

## ---------------------- ##
## Running config.status. ##
## ---------------------- ##

This file was extended by libertyParser config.status 1.0, which was
generated by GNU Autoconf 2.59.  Invocation command line was

  CONFIG_FILES    = 
  CONFIG_HEADERS  = 
  CONFIG_LINKS    = 
  CONFIG_COMMANDS = 
  $ ./config.status 

on vm

config.status:721: creating Makefile
config.status:721: creating src/Makefile
config.status:825: creating config.h
config.status:1137: executing depfiles commands

## ---------------- ##
## Cache variables. ##
## ---------------- ##

ac_cv_build=x86_64-unknown-linux-gnu
ac_cv_build_alias=x86_64-unknown-linux-gnu
ac_cv_c_compiler_gnu=yes
ac_cv_c_const=yes
ac_cv_cxx_compiler_gnu=yes
ac_cv_env_CC_set=
ac_cv_env_CC_value=
ac_cv_env_CFLAGS_set=
ac_cv_env_CFLAGS_value=
ac_cv_env_CPPFLAGS_set=
ac_cv_env_CPPFLAGS_value=
ac_cv_env_CPP_set=
ac_cv_env_CPP_value=
ac_cv_env_CXXCPP_set=
ac_cv_env_CXXCPP_value=
ac_cv_env_CXXFLAGS_set=
ac_cv_env_CXXFLAGS_value=
ac_cv_env_CXX_set=
ac_cv_env_CXX_value=
ac_cv_env_F77_set=
ac_cv_env_F77_value=
ac_cv_env_FFLAGS_set=
ac_cv_env_FFLAGS_value=
ac_cv_env_LDFLAGS_set=
ac_cv_env_LDFLAGS_value=
ac_cv_env_build_alias_set=
ac_cv_env_build_alias_value=
ac_cv_env_host_alias_set=
ac_cv_env_host_alias_value=
ac_cv_env_target_alias_set=
ac_cv_env_target_alias_value=
ac_cv_exeext=
ac_cv_f77_compiler_gnu=no
ac_cv_func_malloc_0_nonnull=yes
ac_cv_func_realloc_0_nonnull=yes
ac_cv_func_strdup=yes
ac_cv_header_dlfcn_h=yes
ac_cv_header_inttypes_h=yes
ac_cv_header_memory_h=yes
ac_cv_header_stdbool_h=yes
ac_cv_header_stdc=yes
ac_cv_header_stdint_h=yes
ac_cv_header_stdlib_h=yes
ac_cv_header_string_h=yes
ac_cv_header_strings_h=yes
ac_cv_header_sys_stat_h=yes
ac_cv_header_sys_types_h=yes
ac_cv_header_unistd_h=yes
ac_cv_host=x86_64-unknown-linux-gnu
ac_cv_host_alias=x86_64-unknown-linux-gnu
ac_cv_lib_fl_yywrap=yes
ac_cv_objext=o
ac_cv_path_install='/usr/bin/install -c'
ac_cv_prog_AWK=gawk
ac_cv_prog_CPP='gcc -E'
ac_cv_prog_CXXCPP='g++ -E'
ac_cv_prog_LEX=flex
ac_cv_prog_YACC=byacc
ac_cv_prog_ac_ct_AR=ar
ac_cv_prog_ac_ct_CC=gcc
ac_cv_prog_ac_ct_CXX=g++
ac_cv_prog_ac_ct_RANLIB=ranlib
ac_cv_prog_ac_ct_STRIP=strip
ac_cv_prog_cc_g=yes
ac_cv_prog_cc_stdc=
ac_cv_prog_cxx_g=yes
ac_cv_prog_egrep='grep -E'
ac_cv_prog_f77_g=no
ac_cv_prog_lex_root=lex.yy
ac_cv_prog_lex_yytext_pointer=yes
ac_cv_prog_make_make_set=yes
ac_cv_type__Bool=yes
am_cv_CC_dependencies_compiler_type=gcc3
am_cv_CXX_dependencies_compiler_type=gcc3
lt_cv_deplibs_check_method=pass_all
lt_cv_file_magic_cmd='$MAGIC_CMD'
lt_cv_file_magic_test_file='/lib/libc.so* /lib/libc-*.so'
lt_cv_ld_reload_flag=-r
lt_cv_objdir=.libs
lt_cv_path_LD=/usr/bin/ld
lt_cv_path_LDCXX='/usr/bin/ld -m elf_x86_64'
lt_cv_path_NM='/usr/bin/nm -B'
lt_cv_path_SED=/bin/sed
lt_cv_prog_compiler_c_o=yes
lt_cv_prog_compiler_c_o_CXX=yes
lt_cv_prog_compiler_rtti_exceptions=no
lt_cv_prog_gnu_ld=yes
lt_cv_prog_gnu_ldcxx=yes
lt_cv_sys_global_symbol_pipe='sed -n -e '\''s/^.*[ 	]\([ABCDGIRSTW][ABCDGIRSTW]*\)[ 	][ 	]*\(\)\([_A-Za-z][_A-Za-z0-9]*\)$/\1 \2\3 \3/p'\'''
lt_cv_sys_global_symbol_to_c_name_address='sed -n -e '\''s/^: \([^ ]*\) $/  {\"\1\", (lt_ptr) 0},/p'\'' -e '\''s/^[BCDEGRST] \([^ ]*\) \([^ ]*\)$/  {"\2", (lt_ptr) \&\2},/p'\'''
lt_cv_sys_global_symbol_to_cdecl='sed -n -e '\''s/^. .* \(.*\)$/extern int \1;/p'\'''
lt_cv_sys_max_cmd_len=32768
lt_lt_cv_prog_compiler_c_o='"yes"'
lt_lt_cv_prog_compiler_c_o_CXX='"yes"'
lt_lt_cv_sys_global_symbol_pipe='"sed -n -e '\''s/^.*[ 	]\\([ABCDGIRSTW][ABCDGIRSTW]*\\)[ 	][ 	]*\\(\\)\\([_A-Za-z][_A-Za-z0-9]*\\)\$/\\1 \\2\\3 \\3/p'\''"'
lt_lt_cv_sys_global_symbol_to_c_name_address='"sed -n -e '\''s/^: \\([^ ]*\\) \$/  {\\\"\\1\\\", (lt_ptr) 0},/p'\'' -e '\''s/^[BCDEGRST] \\([^ ]*\\) \\([^ ]*\\)\$/  {\"\\2\", (lt_ptr) \\&\\2},/p'\''"'
lt_lt_cv_sys_global_symbol_to_cdecl='"sed -n -e '\''s/^. .* \\(.*\\)\$/extern int \\1;/p'\''"'

## ----------------- ##
## Output variables. ##
## ----------------- ##

ACLOCAL='${SHELL} /home/hussam/sierra-tango-alpha/libertyparser-1.0/missing --run aclocal-1.9'
AMDEPBACKSLASH='\'
AMDEP_FALSE='#'
AMDEP_TRUE=''
AMTAR='${SHELL} /home/hussam/sierra-tango-alpha/libertyparser-1.0/missing --run tar'
AR='ar'
AUTOCONF='${SHELL} /home/hussam/sierra-tango-alpha/libertyparser-1.0/missing --run autoconf'
AUTOHEADER='${SHELL} /home/hussam/sierra-tango-alpha/libertyparser-1.0/missing --run autoheader'
AUTOMAKE='${SHELL} /home/hussam/sierra-tango-alpha/libertyparser-1.0/missing --run automake-1.9'
AWK='gawk'
BOOST_CPPFLAGS=''
BOOST_LDFLAGS=''
CC='gcc'
CCDEPMODE='depmode=gcc3'
CFLAGS='-g -O2'
CPP='gcc -E'
CPPFLAGS=''
CXX='g++'
CXXCPP='g++ -E'
CXXDEPMODE='depmode=gcc3'
CXXFLAGS='-g -O2'
CYGPATH_W='echo'
DEFS='-DHAVE_CONFIG_H'
DEPDIR='.deps'
ECHO='echo'
ECHO_C=''
ECHO_N='-n'
ECHO_T=''
EGREP='grep -E'
EXEEXT=''
F77=''
FFLAGS=''
INSTALL_DATA='${INSTALL} -m 644'
INSTALL_PROGRAM='${INSTALL}'
INSTALL_SCRIPT='${INSTALL}'
INSTALL_STRIP_PROGRAM='${SHELL} $(install_sh) -c -s'
LDFLAGS=''
LEX='flex'
LEXLIB='-lfl'
LEX_OUTPUT_ROOT='lex.yy'
LIBOBJS=''
LIBS=''
LIBTOOL='$(SHELL) $(top_builddir)/libtool'
LN_S='ln -s'
LTLIBOBJS=''
MAKEINFO='${SHELL} /home/hussam/sierra-tango-alpha/libertyparser-1.0/missing --run makeinfo'
OBJEXT='o'
PACKAGE='libertyparser'
PACKAGE_BUGREPORT='sharma@ucsd.edu'
PACKAGE_NAME='libertyParser'
PACKAGE_STRING='libertyParser 1.0'
PACKAGE_TARNAME='libertyparser'
PACKAGE_VERSION='1.0'
PATH_SEPARATOR=':'
RANLIB='ranlib'
SET_MAKE=''
SHELL='/bin/bash'
STRIP='strip'
VERSION='1.0'
YACC='byacc'
ac_ct_AR='ar'
ac_ct_CC='gcc'
ac_ct_CXX='g++'
ac_ct_F77=''
ac_ct_RANLIB='ranlib'
ac_ct_STRIP='strip'
am__fastdepCC_FALSE='#'
am__fastdepCC_TRUE=''
am__fastdepCXX_FALSE='#'
am__fastdepCXX_TRUE=''
am__include='include'
am__leading_dot='.'
am__quote=''
am__tar='${AMTAR} chof - "$$tardir"'
am__untar='${AMTAR} xf -'
bindir='${exec_prefix}/bin'
build='x86_64-unknown-linux-gnu'
build_alias=''
build_cpu='x86_64'
build_os='linux-gnu'
build_vendor='unknown'
datadir='${prefix}/share'
exec_prefix='${prefix}'
host='x86_64-unknown-linux-gnu'
host_alias=''
host_cpu='x86_64'
host_os='linux-gnu'
host_vendor='unknown'
includedir='${prefix}/include'
infodir='${prefix}/info'
install_sh='/home/hussam/sierra-tango-alpha/libertyparser-1.0/install-sh'
libdir='${exec_prefix}/lib'
libexecdir='${exec_prefix}/libexec'
localstatedir='${prefix}/var'
mandir='${prefix}/man'
mkdir_p='mkdir -p --'
oldincludedir='/usr/include'
prefix='/usr/local'
program_transform_name='s,x,x,'
sbindir='${exec_prefix}/sbin'
sharedstatedir='${prefix}/com'
sysconfdir='${prefix}/etc'
target_alias=''

## ----------- ##
## confdefs.h. ##
## ----------- ##

#define HAVE_DLFCN_H 1
#define HAVE_INTTYPES_H 1
#define HAVE_MALLOC 1
#define HAVE_MEMORY_H 1
#define HAVE_REALLOC 1
#define HAVE_STDBOOL_H 1
#define HAVE_STDINT_H 1
#define HAVE_STDLIB_H 1
#define HAVE_STDLIB_H 1
#define HAVE_STDLIB_H 1
#define HAVE_STDLIB_H 1
#define HAVE_STRDUP 1
#define HAVE_STRINGS_H 1
#define HAVE_STRING_H 1
#define HAVE_STRING_H 1
#define HAVE_SYS_STAT_H 1
#define HAVE_SYS_TYPES_H 1
#define HAVE_UNISTD_H 1
#define HAVE_UNISTD_H 1
#define HAVE__BOOL 1
#define PACKAGE "libertyparser"
#define PACKAGE_BUGREPORT "sharma@ucsd.edu"
#define PACKAGE_NAME "libertyParser"
#define PACKAGE_STRING "libertyParser 1.0"
#define PACKAGE_TARNAME "libertyparser"
#define PACKAGE_VERSION "1.0"
#define STDC_HEADERS 1
#define STDC_HEADERS 1
#define VERSION "1.0"
#define YYTEXT_POINTER 1
#endif
#ifdef __cplusplus
extern "C" void exit (int) throw ();

configure: exit 0
